[debug] [2023-03-25T06:31:57.213Z] ----------------------------------------------------------------------
[debug] [2023-03-25T06:31:57.215Z] Command:       C:\Program Files\nodejs\node.exe C:\Users\lean\AppData\Roaming\npm\node_modules\firebase-tools\lib\bin\firebase.js init
[debug] [2023-03-25T06:31:57.216Z] CLI Version:   11.25.1
[debug] [2023-03-25T06:31:57.216Z] Platform:      win32
[debug] [2023-03-25T06:31:57.216Z] Node Version:  v18.12.1
[debug] [2023-03-25T06:31:57.217Z] Time:          Sat Mar 25 2023 03:31:57 GMT-0300 (Argentina Standard Time)
[debug] [2023-03-25T06:31:57.217Z] ----------------------------------------------------------------------
[debug] 
[debug] [2023-03-25T06:31:57.284Z] > command requires scopes: ["email","openid","https://www.googleapis.com/auth/cloudplatformprojects.readonly","https://www.googleapis.com/auth/firebase","https://www.googleapis.com/auth/cloud-platform"]
[debug] [2023-03-25T06:31:57.284Z] > authorizing via signed-in user (leancontestabile@gmail.com)
[info] 
     ######## #### ########  ######## ########     ###     ######  ########
     ##        ##  ##     ## ##       ##     ##  ##   ##  ##       ##
     ######    ##  ########  ######   ########  #########  ######  ######
     ##        ##  ##    ##  ##       ##     ## ##     ##       ## ##
     ##       #### ##     ## ######## ########  ##     ##  ######  ########

You're about to initialize a Firebase project in this directory:

  L:\programacion\argentinaPrograma\portfolioWeb\frontEnd

Before we get started, keep in mind:

  * You are initializing within an existing Firebase project directory

[info] 
=== Project Setup
[info] 
[info] First, let's associate this project directory with a Firebase project.
[info] You can create multiple project aliases by running firebase use --add, 
[info] but for now we'll just set up a default project.
[info] 
